XLibrary/build/intermediates/manifest_merge_blame_file/debug/manifest-merger-blame-debug-report.txt
1<?xml version="1.0" encoding="utf-8"?>
2<manifest xmlns:android="http://schemas.android.com/apk/res/android"
3    package="com.xbcx.library"
4    android:versionCode="1"
5    android:versionName="1.0" >
6
7    <uses-sdk android:minSdkVersion="24" />
7-->src\main\AndroidManifest.xml
8
9    <uses-permission android:name="android.permission.INTERNET" />
9-->src\main\AndroidManifest.xml:6:5-67
9-->src\main\AndroidManifest.xml:6:22-64
10    <uses-permission android:name="android.permission.WRITE_EXTERNAL_STORAGE" />
10-->src\main\AndroidManifest.xml:7:5-81
10-->src\main\AndroidManifest.xml:7:22-78
11    <uses-permission android:name="android.permission.ACCESS_NETWORK_STATE" />
11-->src\main\AndroidManifest.xml:8:5-79
11-->src\main\AndroidManifest.xml:8:22-76
12    <uses-permission android:name="android.permission.ACCESS_WIFI_STATE" />
12-->src\main\AndroidManifest.xml:9:5-76
12-->src\main\AndroidManifest.xml:9:22-73
13    <uses-permission android:name="android.permission.RECORD_AUDIO" />
13-->src\main\AndroidManifest.xml:10:5-71
13-->src\main\AndroidManifest.xml:10:22-68
14    <uses-permission android:name="android.permission.READ_PHONE_STATE" />
14-->src\main\AndroidManifest.xml:11:5-75
14-->src\main\AndroidManifest.xml:11:22-72
15    <uses-permission android:name="android.permission.WAKE_LOCK" />
15-->src\main\AndroidManifest.xml:12:5-68
15-->src\main\AndroidManifest.xml:12:22-65
16    <uses-permission android:name="android.permission.CAMERA" >
16-->src\main\AndroidManifest.xml:13:5-14:23
16-->src\main\AndroidManifest.xml:13:22-62
17    </uses-permission>
18    <uses-permission android:name="android.permission.VIBRATE" />
18-->src\main\AndroidManifest.xml:15:5-66
18-->src\main\AndroidManifest.xml:15:22-63
19
20    <application
20-->src\main\AndroidManifest.xml:17:5-45:19
21        android:allowBackup="true"
21-->src\main\AndroidManifest.xml:18:9-35
22        android:label="@string/app_name"
22-->src\main\AndroidManifest.xml:19:9-41
23        android:theme="@style/AppTheme" >
23-->src\main\AndroidManifest.xml:20:9-40
24        <activity
24-->src\main\AndroidManifest.xml:21:9-26:75
25            android:name="com.xbcx.im.ui.simpleimpl.ConflictActivity"
25-->src\main\AndroidManifest.xml:22:13-70
26            android:configChanges="orientation|keyboardHidden|screenSize"
26-->src\main\AndroidManifest.xml:23:13-74
27            android:launchMode="singleTask"
27-->src\main\AndroidManifest.xml:24:13-44
28            android:screenOrientation="portrait"
28-->src\main\AndroidManifest.xml:25:13-49
29            android:theme="@android:style/Theme.Translucent.NoTitleBar" />
29-->src\main\AndroidManifest.xml:26:13-72
30        <activity
30-->src\main\AndroidManifest.xml:27:9-32:75
31            android:name="com.xbcx.im.ui.simpleimpl.LoginPwdErrorActivity"
31-->src\main\AndroidManifest.xml:28:13-75
32            android:configChanges="orientation|keyboardHidden|screenSize"
32-->src\main\AndroidManifest.xml:29:13-74
33            android:launchMode="singleTask"
33-->src\main\AndroidManifest.xml:30:13-44
34            android:screenOrientation="portrait"
34-->src\main\AndroidManifest.xml:31:13-49
35            android:theme="@android:style/Theme.Translucent.NoTitleBar" />
35-->src\main\AndroidManifest.xml:32:13-72
36        <activity
36-->src\main\AndroidManifest.xml:33:9-35:52
37            android:name="com.xbcx.im.ui.simpleimpl.ChoosePictureActivity"
37-->src\main\AndroidManifest.xml:34:13-75
38            android:screenOrientation="portrait" />
38-->src\main\AndroidManifest.xml:35:13-49
39        <activity
39-->src\main\AndroidManifest.xml:36:9-39:52
40            android:name="com.xbcx.im.ui.simpleimpl.CameraActivity"
40-->src\main\AndroidManifest.xml:37:13-68
41            android:configChanges="orientation|keyboardHidden|screenSize"
41-->src\main\AndroidManifest.xml:38:13-74
42            android:screenOrientation="portrait" />
42-->src\main\AndroidManifest.xml:39:13-49
43        <activity
43-->src\main\AndroidManifest.xml:41:9-44:52
44            android:name="com.xbcx.im.ui.simpleimpl.IMLookPhotosActivity"
44-->src\main\AndroidManifest.xml:42:13-74
45            android:configChanges="orientation|keyboardHidden|screenSize"
45-->src\main\AndroidManifest.xml:43:13-74
46            android:screenOrientation="portrait" />
46-->src\main\AndroidManifest.xml:44:13-49
47    </application>
48
49</manifest>